2026-03-23 17:58:32,533 [INFO] __main__: Starting Media Packager Bot...
2026-03-23 17:58:33,500 [INFO] __main__: Bot is ready. Polling...
2026-03-23 17:58:33,501 [INFO] aiogram.dispatcher: Start polling
2026-03-23 17:58:38,781 [INFO] aiogram.dispatcher: Run polling for bot @ZipDeezBot id=8613705002 - 'ZipDeez'
2026-03-23 17:59:10,006 [WARNING] bot.middlewares.auth: Unauthorized access attempt from user_id=1538633151 username=Phantom06i
2026-03-23 17:59:24,602 [WARNING] bot.middlewares.auth: Unauthorized access attempt from user_id=1538633151 username=Phantom06i
2026-03-23 17:59:24,605 [WARNING] bot.middlewares.auth: Unauthorized access attempt from user_id=1538633151 username=Phantom06i
2026-03-23 17:59:24,607 [WARNING] bot.middlewares.auth: Unauthorized access attempt from user_id=1538633151 username=Phantom06i
2026-03-23 17:59:24,668 [WARNING] bot.middlewares.auth: Unauthorized access attempt from user_id=1538633151 username=Phantom06i
2026-03-23 17:59:24,672 [WARNING] bot.middlewares.auth: Unauthorized access attempt from user_id=1538633151 username=Phantom06i
2026-03-23 17:59:24,675 [WARNING] bot.middlewares.auth: Unauthorized access attempt from user_id=1538633151 username=Phantom06i
2026-03-23 17:59:24,678 [WARNING] bot.middlewares.auth: Unauthorized access attempt from user_id=1538633151 username=Phantom06i
2026-03-23 17:59:24,681 [WARNING] bot.middlewares.auth: Unauthorized access attempt from user_id=1538633151 username=Phantom06i
2026-03-23 17:59:24,687 [WARNING] bot.middlewares.auth: Unauthorized access attempt from user_id=1538633151 username=Phantom06i
2026-03-23 17:59:25,354 [INFO] aiogram.event: Update id=110665111 is handled. Duration 15349 ms by bot id=8613705002
2026-03-23 17:59:25,381 [INFO] aiogram.event: Update id=110665112 is handled. Duration 779 ms by bot id=8613705002
2026-03-23 17:59:25,413 [INFO] aiogram.event: Update id=110665113 is handled. Duration 808 ms by bot id=8613705002
2026-03-23 17:59:25,432 [INFO] aiogram.event: Update id=110665119 is handled. Duration 752 ms by bot id=8613705002
2026-03-23 17:59:25,460 [INFO] aiogram.event: Update id=110665114 is handled. Duration 853 ms by bot id=8613705002
2026-03-23 17:59:25,573 [INFO] aiogram.event: Update id=110665120 is handled. Duration 886 ms by bot id=8613705002
2026-03-23 17:59:25,611 [INFO] aiogram.event: Update id=110665118 is handled. Duration 933 ms by bot id=8613705002
2026-03-23 17:59:25,689 [INFO] aiogram.event: Update id=110665116 is handled. Duration 1018 ms by bot id=8613705002
2026-03-23 17:59:25,692 [INFO] aiogram.event: Update id=110665115 is handled. Duration 1024 ms by bot id=8613705002
2026-03-23 17:59:25,803 [INFO] aiogram.event: Update id=110665117 is handled. Duration 1128 ms by bot id=8613705002
2026-03-23 18:03:08,240 [INFO] __main__: Starting Media Packager Bot...
2026-03-23 18:03:09,187 [INFO] __main__: Bot is ready. Polling...
2026-03-23 18:03:09,188 [INFO] aiogram.dispatcher: Start polling
2026-03-23 18:03:10,076 [INFO] aiogram.dispatcher: Run polling for bot @ZipDeezBot id=8613705002 - 'ZipDeez'
2026-03-23 18:03:16,614 [INFO] aiogram.event: Update id=110665121 is handled. Duration 1 ms by bot id=8613705002
2026-03-23 18:03:47,704 [INFO] bot.handlers.media: User 1538633151 queued 'Loka - BLACK MONEY.mp3' (total=4)
2026-03-23 18:03:47,707 [INFO] aiogram.event: Update id=110665125 is handled. Duration 833 ms by bot id=8613705002
2026-03-23 18:03:47,922 [INFO] bot.handlers.media: User 1538633151 queued 'Divine - Triple OG.mp3' (total=1)
2026-03-23 18:03:47,923 [INFO] aiogram.event: Update id=110665122 is handled. Duration 1116 ms by bot id=8613705002
2026-03-23 18:03:47,946 [INFO] bot.handlers.media: User 1538633151 queued 'Seedhe Maut - NAMUNA.mp3' (total=2)
2026-03-23 18:03:47,947 [INFO] aiogram.event: Update id=110665123 is handled. Duration 1077 ms by bot id=8613705002
2026-03-23 18:03:47,996 [INFO] bot.handlers.media: User 1538633151 queued 'Seedhe Maut - Teen Dost.mp3' (total=3)
2026-03-23 18:03:47,997 [INFO] aiogram.event: Update id=110665124 is handled. Duration 1125 ms by bot id=8613705002
2026-03-23 18:04:36,628 [INFO] utils.downloader: Downloaded 'Divine - Triple OG.mp3' → Divine - Triple OG.mp3 (7467.8 KB)
2026-03-23 18:04:50,177 [INFO] utils.downloader: Downloaded 'Seedhe Maut - NAMUNA.mp3' → Seedhe Maut - NAMUNA.mp3 (4414.4 KB)
2026-03-23 18:05:09,762 [INFO] utils.downloader: Downloaded 'Seedhe Maut - Teen Dost.mp3' → Seedhe Maut - Teen Dost.mp3 (6683.9 KB)
2026-03-23 18:05:42,036 [WARNING] utils.downloader: Download attempt 1/3 failed for 'Loka - BLACK MONEY.mp3': 
2026-03-23 18:06:08,501 [INFO] utils.downloader: Downloaded 'Loka - BLACK MONEY.mp3' → Loka - BLACK MONEY.mp3 (9110.3 KB)
2026-03-23 18:06:08,844 [INFO] services.zipper: Creating ZIP: 4 file(s), ~27.0 MB total, limit=2048.0 MB
2026-03-23 18:06:08,969 [INFO] services.zipper: ZIP created: Playlist_20260323_180608.zip (27.0 MB)
2026-03-23 18:07:09,973 [ERROR] bot.handlers.commands: Failed to send ZIP part Playlist_20260323_180608.zip: HTTP Client says - Request timeout error
2026-03-23 18:07:11,322 [INFO] aiogram.event: Update id=110665126 is handled. Duration 178213 ms by bot id=8613705002
2026-03-23 18:11:09,671 [INFO] __main__: Starting Media Packager Bot...
2026-03-23 18:11:10,611 [INFO] __main__: Bot is ready. Polling...
2026-03-23 18:11:10,612 [INFO] aiogram.dispatcher: Start polling
2026-03-23 18:11:11,181 [INFO] aiogram.dispatcher: Run polling for bot @ZipDeezBot id=8613705002 - 'ZipDeez'
